  stdafx.cpp
  ToneInstrument.cpp
  WaveformWnd.cpp
  WaveformBuffer.cpp
  Wave.cpp
  SynthieView.cpp
  Synthie.cpp
  Synthesizer.cpp
  SineWave.cpp
  ProgressDlg.cpp
  Progress.cpp
  Notes.cpp
  Note.cpp
  MainFrm.cpp
  Instrument.cpp
  DirSoundStream.cpp
  DirSoundSource.cpp
  DirSound.cpp
  AudioNode.cpp
  AR.cpp
  Generating Code...
AR.obj : warning LNK4075: ignoring '/EDITANDCONTINUE' due to '/SAFESEH' specification
  Synthie.vcxproj -> D:\VisualStudioProject\CSE471P1\Debug\Synthie.exe
  Synthie.vcxproj -> D:\VisualStudioProject\CSE471P1\Debug\Synthie.pdb (Full PDB)
